<?xml version="1.0" encoding="UTF-8"?>
<testng-results ignored="0" total="1" passed="0" failed="1" skipped="0">
  <reporter-output>
  </reporter-output>
  <suite started-at="2023-07-04T22:00:13 IST" name="Default suite" finished-at="2023-07-04T22:01:06 IST" duration-ms="52543">
    <groups>
    </groups>
    <test started-at="2023-07-04T22:00:13 IST" name="Default test" finished-at="2023-07-04T22:01:06 IST" duration-ms="52543">
      <class name="com.Test.TC_gfp">
        <test-method is-config="true" signature="BS()[pri:0, instance:com.Test.TC_gfp@1a451d4d]" started-at="2023-07-04T22:00:11 IST" name="BS" finished-at="2023-07-04T22:00:13 IST" duration-ms="2233" status="PASS">
          <reporter-output>
          </reporter-output>
        </test-method> <!-- BS -->
        <test-method is-config="true" signature="SetUp()[pri:0, instance:com.Test.TC_gfp@1a451d4d]" started-at="2023-07-04T22:00:14 IST" name="SetUp" finished-at="2023-07-04T22:00:53 IST" duration-ms="39228" status="PASS">
          <reporter-output>
          </reporter-output>
        </test-method> <!-- SetUp -->
        <test-method signature="verify_gfp_journey(java.lang.String,java.lang.String,java.lang.String,java.lang.String,java.lang.String,java.lang.String,java.lang.String,java.lang.String,java.lang.String,java.lang.String,java.lang.String,java.lang.String,java.lang.String,java.lang.String,java.lang.String,java.lang.String,java.lang.String,java.lang.String,java.lang.String,java.lang.String,java.lang.String,java.lang.String)[pri:0, instance:com.Test.TC_gfp@1a451d4d]" started-at="2023-07-04T22:00:53 IST" name="verify_gfp_journey" data-provider="excelData" finished-at="2023-07-04T22:01:06 IST" duration-ms="12938" status="FAIL">
          <params>
            <param index="0">
              <value>
                <![CDATA[TC_001]]>
              </value>
            </param>
            <param index="1">
              <value>
                <![CDATA[Ganesh]]>
              </value>
            </param>
            <param index="2">
              <value>
                <![CDATA[Digambar]]>
              </value>
            </param>
            <param index="3">
              <value>
                <![CDATA[Mahure]]>
              </value>
            </param>
            <param index="4">
              <value>
                <![CDATA[ganesh.12@gmail.com]]>
              </value>
            </param>
            <param index="5">
              <value>
                <![CDATA[9711902829]]>
              </value>
            </param>
            <param index="6">
              <value>
                <![CDATA[Male]]>
              </value>
            </param>
            <param index="7">
              <value>
                <![CDATA[20/06/1996]]>
              </value>
            </param>
            <param index="8">
              <value>
                <![CDATA[Graduate]]>
              </value>
            </param>
            <param index="9">
              <value>
                <![CDATA[Self Employed]]>
              </value>
            </param>
            <param index="10">
              <value>
                <![CDATA[560000.0]]>
              </value>
            </param>
            <param index="11">
              <value>
                <![CDATA[No]]>
              </value>
            </param>
            <param index="12">
              <value>
                <![CDATA[Grandchild]]>
              </value>
            </param>
            <param index="13">
              <value>
                <![CDATA[Male]]>
              </value>
            </param>
            <param index="14">
              <value>
                <![CDATA[28/09/1999]]>
              </value>
            </param>
            <param index="15">
              <value>
                <![CDATA[Diploma]]>
              </value>
            </param>
            <param index="16">
              <value>
                <![CDATA[Self Employed]]>
              </value>
            </param>
            <param index="17">
              <value>
                <![CDATA[565656]]>
              </value>
            </param>
            <param index="18">
              <value>
                <![CDATA[Half_Yearly]]>
              </value>
            </param>
            <param index="19">
              <value>
                <![CDATA[50000.0]]>
              </value>
            </param>
            <param index="20">
              <value>
                <![CDATA[5 Years]]>
              </value>
            </param>
            <param index="21">
              <value>
                <![CDATA[Regular Income]]>
              </value>
            </param>
          </params>
          <exception class="org.openqa.selenium.ElementNotInteractableException">
            <message>
              <![CDATA[element not interactable: Element is not currently visible and may not be manipulated
  (Session info: chrome=114.0.5735.199)
Build info: version: '3.141.59', revision: 'e82be7d358', time: '2018-11-14T08:17:03'
System info: host: 'GANESH_MAHURE', ip: '192.168.113.157', os.name: 'Windows 10', os.arch: 'amd64', os.version: '10.0', java.version: '19.0.1'
Driver info: org.openqa.selenium.chrome.ChromeDriver
Capabilities {acceptInsecureCerts: false, browserName: chrome, browserVersion: 114.0.5735.199, chrome: {chromedriverVersion: 114.0.5735.90 (386bc09e8f4f..., userDataDir: C:\Users\GANESH~1\AppData\L...}, goog:chromeOptions: {debuggerAddress: localhost:49507}, javascriptEnabled: true, networkConnectionEnabled: false, pageLoadStrategy: normal, platform: WINDOWS, platformName: WINDOWS, proxy: Proxy(), setWindowRect: true, strictFileInteractability: false, timeouts: {implicit: 0, pageLoad: 300000, script: 30000}, unhandledPromptBehavior: dismiss and notify, webauthn:extension:credBlob: true, webauthn:extension:largeBlob: true, webauthn:extension:minPinLength: true, webauthn:extension:prf: true, webauthn:virtualAuthenticators: true}
Session ID: c313d30fcc60eb1b2577fd41fb59fbe1]]>
            </message>
            <full-stacktrace>
              <![CDATA[org.openqa.selenium.ElementNotInteractableException: element not interactable: Element is not currently visible and may not be manipulated
  (Session info: chrome=114.0.5735.199)
Build info: version: '3.141.59', revision: 'e82be7d358', time: '2018-11-14T08:17:03'
System info: host: 'GANESH_MAHURE', ip: '192.168.113.157', os.name: 'Windows 10', os.arch: 'amd64', os.version: '10.0', java.version: '19.0.1'
Driver info: org.openqa.selenium.chrome.ChromeDriver
Capabilities {acceptInsecureCerts: false, browserName: chrome, browserVersion: 114.0.5735.199, chrome: {chromedriverVersion: 114.0.5735.90 (386bc09e8f4f..., userDataDir: C:\Users\GANESH~1\AppData\L...}, goog:chromeOptions: {debuggerAddress: localhost:49507}, javascriptEnabled: true, networkConnectionEnabled: false, pageLoadStrategy: normal, platform: WINDOWS, platformName: WINDOWS, proxy: Proxy(), setWindowRect: true, strictFileInteractability: false, timeouts: {implicit: 0, pageLoad: 300000, script: 30000}, unhandledPromptBehavior: dismiss and notify, webauthn:extension:credBlob: true, webauthn:extension:largeBlob: true, webauthn:extension:minPinLength: true, webauthn:extension:prf: true, webauthn:virtualAuthenticators: true}
Session ID: c313d30fcc60eb1b2577fd41fb59fbe1
at java.base/jdk.internal.reflect.DirectConstructorHandleAccessor.newInstance(DirectConstructorHandleAccessor.java:67)
at java.base/java.lang.reflect.Constructor.newInstanceWithCaller(Constructor.java:500)
at java.base/java.lang.reflect.Constructor.newInstance(Constructor.java:484)
at org.openqa.selenium.remote.http.W3CHttpResponseCodec.createException(W3CHttpResponseCodec.java:187)
at org.openqa.selenium.remote.http.W3CHttpResponseCodec.decode(W3CHttpResponseCodec.java:122)
at org.openqa.selenium.remote.http.W3CHttpResponseCodec.decode(W3CHttpResponseCodec.java:49)
at org.openqa.selenium.remote.HttpCommandExecutor.execute(HttpCommandExecutor.java:158)
at org.openqa.selenium.remote.service.DriverCommandExecutor.execute(DriverCommandExecutor.java:83)
at org.openqa.selenium.remote.RemoteWebDriver.execute(RemoteWebDriver.java:552)
at org.openqa.selenium.remote.RemoteWebElement.execute(RemoteWebElement.java:285)
at org.openqa.selenium.remote.RemoteWebElement.click(RemoteWebElement.java:84)
at org.openqa.selenium.support.ui.Select.setSelected(Select.java:311)
at org.openqa.selenium.support.ui.Select.selectByVisibleText(Select.java:116)
at com.Test.TC_gfp.verify_gfp_journey(TC_gfp.java:109)
at java.base/jdk.internal.reflect.DirectMethodHandleAccessor.invoke(DirectMethodHandleAccessor.java:104)
at java.base/java.lang.reflect.Method.invoke(Method.java:578)
at org.testng.internal.MethodInvocationHelper.invokeMethod(MethodInvocationHelper.java:133)
at org.testng.internal.TestInvoker.invokeMethod(TestInvoker.java:598)
at org.testng.internal.TestInvoker.invokeTestMethod(TestInvoker.java:173)
at org.testng.internal.MethodRunner.runInSequence(MethodRunner.java:46)
at org.testng.internal.TestInvoker$MethodInvocationAgent.invoke(TestInvoker.java:824)
at org.testng.internal.TestInvoker.invokeTestMethods(TestInvoker.java:146)
at org.testng.internal.TestMethodWorker.invokeTestMethods(TestMethodWorker.java:146)
at org.testng.internal.TestMethodWorker.run(TestMethodWorker.java:128)
at java.base/java.util.ArrayList.forEach(ArrayList.java:1511)
at org.testng.TestRunner.privateRun(TestRunner.java:794)
at org.testng.TestRunner.run(TestRunner.java:596)
at org.testng.SuiteRunner.runTest(SuiteRunner.java:377)
at org.testng.SuiteRunner.runSequentially(SuiteRunner.java:371)
at org.testng.SuiteRunner.privateRun(SuiteRunner.java:332)
at org.testng.SuiteRunner.run(SuiteRunner.java:276)
at org.testng.SuiteRunnerWorker.runSuite(SuiteRunnerWorker.java:53)
at org.testng.SuiteRunnerWorker.run(SuiteRunnerWorker.java:96)
at org.testng.TestNG.runSuitesSequentially(TestNG.java:1212)
at org.testng.TestNG.runSuitesLocally(TestNG.java:1134)
at org.testng.TestNG.runSuites(TestNG.java:1063)
at org.testng.TestNG.run(TestNG.java:1031)
at org.testng.remote.AbstractRemoteTestNG.run(AbstractRemoteTestNG.java:115)
at org.testng.remote.RemoteTestNG.initAndRun(RemoteTestNG.java:251)
at org.testng.remote.RemoteTestNG.main(RemoteTestNG.java:77)
]]>
            </full-stacktrace>
          </exception> <!-- org.openqa.selenium.ElementNotInteractableException -->
          <reporter-output>
          </reporter-output>
        </test-method> <!-- verify_gfp_journey -->
        <test-method is-config="true" signature="tearDown()[pri:0, instance:com.Test.TC_gfp@1a451d4d]" started-at="2023-07-04T22:01:06 IST" name="tearDown" finished-at="2023-07-04T22:01:06 IST" duration-ms="0" status="PASS">
          <reporter-output>
          </reporter-output>
        </test-method> <!-- tearDown -->
      </class> <!-- com.Test.TC_gfp -->
    </test> <!-- Default test -->
  </suite> <!-- Default suite -->
</testng-results>
