<?xml version="1.0" encoding="UTF-8"?>
<testng-results ignored="0" total="1" passed="1" failed="0" skipped="0">
  <reporter-output>
  </reporter-output>
  <suite started-at="2023-07-04T17:26:56 IST" name="Default suite" finished-at="2023-07-04T17:28:29 IST" duration-ms="92847">
    <groups>
    </groups>
    <test started-at="2023-07-04T17:26:56 IST" name="Default test" finished-at="2023-07-04T17:28:29 IST" duration-ms="92847">
      <class name="com.Test.TC_gfp">
        <test-method is-config="true" signature="BS()[pri:0, instance:com.Test.TC_gfp@bae7dc0]" started-at="2023-07-04T17:26:55 IST" name="BS" finished-at="2023-07-04T17:26:56 IST" duration-ms="1380" status="PASS">
          <reporter-output>
          </reporter-output>
        </test-method> <!-- BS -->
        <test-method is-config="true" signature="SetUp()[pri:0, instance:com.Test.TC_gfp@bae7dc0]" started-at="2023-07-04T17:26:56 IST" name="SetUp" finished-at="2023-07-04T17:27:42 IST" duration-ms="45173" status="PASS">
          <reporter-output>
          </reporter-output>
        </test-method> <!-- SetUp -->
        <test-method signature="verify_gfp_journey(java.lang.String,java.lang.String,java.lang.String,java.lang.String,java.lang.String,java.lang.String,java.lang.String,java.lang.String,java.lang.String,java.lang.String,java.lang.String,java.lang.String,java.lang.String,java.lang.String,java.lang.String,java.lang.String,java.lang.String,java.lang.String,java.lang.String,java.lang.String,java.lang.String,java.lang.String)[pri:0, instance:com.Test.TC_gfp@bae7dc0]" started-at="2023-07-04T17:27:42 IST" name="verify_gfp_journey" data-provider="excelData" finished-at="2023-07-04T17:28:29 IST" duration-ms="47468" status="PASS">
          <params>
            <param index="0">
              <value>
                <![CDATA[TC_001]]>
              </value>
            </param>
            <param index="1">
              <value>
                <![CDATA[Ganesh]]>
              </value>
            </param>
            <param index="2">
              <value>
                <![CDATA[Digambar]]>
              </value>
            </param>
            <param index="3">
              <value>
                <![CDATA[Mahure]]>
              </value>
            </param>
            <param index="4">
              <value>
                <![CDATA[ganesh.12@gmail.com]]>
              </value>
            </param>
            <param index="5">
              <value>
                <![CDATA[9711902829]]>
              </value>
            </param>
            <param index="6">
              <value>
                <![CDATA[Male]]>
              </value>
            </param>
            <param index="7">
              <value>
                <![CDATA[20/06/1996]]>
              </value>
            </param>
            <param index="8">
              <value>
                <![CDATA[Graduate]]>
              </value>
            </param>
            <param index="9">
              <value>
                <![CDATA[Self Employed]]>
              </value>
            </param>
            <param index="10">
              <value>
                <![CDATA[560000.0]]>
              </value>
            </param>
            <param index="11">
              <value>
                <![CDATA[No]]>
              </value>
            </param>
            <param index="12">
              <value>
                <![CDATA[Grandchild]]>
              </value>
            </param>
            <param index="13">
              <value>
                <![CDATA[Male]]>
              </value>
            </param>
            <param index="14">
              <value>
                <![CDATA[28/09/1999]]>
              </value>
            </param>
            <param index="15">
              <value>
                <![CDATA[Diploma]]>
              </value>
            </param>
            <param index="16">
              <value>
                <![CDATA[Self Employed]]>
              </value>
            </param>
            <param index="17">
              <value>
                <![CDATA[565656]]>
              </value>
            </param>
            <param index="18">
              <value>
                <![CDATA[Half_Yearly]]>
              </value>
            </param>
            <param index="19">
              <value>
                <![CDATA[50000.0]]>
              </value>
            </param>
            <param index="20">
              <value>
                <![CDATA[5 Years]]>
              </value>
            </param>
            <param index="21">
              <value>
                <![CDATA[Regular Income]]>
              </value>
            </param>
          </params>
          <reporter-output>
          </reporter-output>
        </test-method> <!-- verify_gfp_journey -->
        <test-method is-config="true" signature="tearDown()[pri:0, instance:com.Test.TC_gfp@bae7dc0]" started-at="2023-07-04T17:28:29 IST" name="tearDown" finished-at="2023-07-04T17:28:29 IST" duration-ms="0" status="PASS">
          <reporter-output>
          </reporter-output>
        </test-method> <!-- tearDown -->
      </class> <!-- com.Test.TC_gfp -->
    </test> <!-- Default test -->
  </suite> <!-- Default suite -->
</testng-results>
