<?xml version="1.0" encoding="UTF-8"?>
<!-- Generated by org.testng.reporters.JUnitXMLReporter -->
<testsuite ignored="0" hostname="inha-pbpd7473" failures="2" tests="2" name="Test Parallel" time="0.036" errors="0" timestamp="2023-06-09T16:26:11 IST">
  <testcase classname="com.Test.TC_ytp_Check_Copy" name="verify_ytp_journey" time="0.0">
    <failure type="org.testng.TestNGException" message="
Found two providers called &amp;apos;excelData&amp;apos; on class com.Test.TC_ytp_Check_Copy">
      <![CDATA[org.testng.TestNGException: 
Found two providers called 'excelData' on class com.Test.TC_ytp_Check_Copy
at java.base/java.util.ArrayList.forEach(ArrayList.java:1511)
... Removed 25 stack frames]]>
    </failure>
  </testcase> <!-- verify_ytp_journey -->
  <testcase classname="com.Test.TC_ytp_Check_Copy" name="verify_ytp_journey2" time="0.0">
    <failure type="org.testng.TestNGException" message="
Found two providers called &amp;apos;excelData&amp;apos; on class com.Test.TC_ytp_Check_Copy">
      <![CDATA[org.testng.TestNGException: 
Found two providers called 'excelData' on class com.Test.TC_ytp_Check_Copy
at java.base/java.util.ArrayList.forEach(ArrayList.java:1511)
... Removed 25 stack frames]]>
    </failure>
  </testcase> <!-- verify_ytp_journey2 -->
</testsuite> <!-- Test Parallel -->
